D:\CLIENTSERVERPAR\PARASOLIDVIEWERQT5\PARASOLID\DEBUG\MOC_MAINWINDOW.OBJ
D:\CLIENTSERVERPAR\PARASOLIDVIEWERQT5\PARASOLID\DEBUG\MAINWINDOW.OBJ
D:\CLIENTSERVERPAR\PARASOLIDVIEWERQT5\PARASOLID\DEBUG\MAIN.OBJ
D:\CLIENTSERVERPAR\PARASOLIDVIEWERQT5\PARASOLID\DEBUG\GLWIDGET.OBJ
D:\CLIENTSERVERPAR\PARASOLIDVIEWERQT5\PARASOLID\DEBUG\FRUSTRUM_DELTA.OBJ
D:\CLIENTSERVERPAR\PARASOLIDVIEWERQT5\PARASOLID\DEBUG\FRUSTRUM.OBJ
D:\CLIENTSERVERPAR\PARASOLIDVIEWERQT5\PARASOLID\DEBUG\SESSION.OBJ
D:\CLIENTSERVERPAR\PARASOLIDVIEWERQT5\PARASOLID\DEBUG\CLIENT.OBJ
D:\CLIENTSERVERPAR\PARASOLIDVIEWERQT5\PARASOLID\DEBUG\VC110.PDB
D:\CLIENTSERVERPAR\PARASOLIDVIEWERQT5\PARASOLID\DEBUG\MOC_MAINWINDOW.CPP
D:\CLIENTSERVERPAR\PARASOLIDVIEWERQT5\PARASOLID\UI_MAINWINDOW.H
D:\CLIENTSERVERPAR\PARASOLIDVIEWERQT5\PARASOLID\DEBUG\PARASOLID.ILK
D:\CLIENTSERVERPAR\PARASOLIDVIEWERQT5\PARASOLID\DEBUG\PARASOLID.EXE
D:\CLIENTSERVERPAR\PARASOLIDVIEWERQT5\PARASOLID\DEBUG\PARASOLID.PDB
D:\ClientServerPar\ParasolidViewerQt5\parasolid\debug\Client.obj
D:\ClientServerPar\ParasolidViewerQt5\parasolid\debug\frustrum.obj
D:\ClientServerPar\ParasolidViewerQt5\parasolid\debug\frustrum_delta.obj
D:\ClientServerPar\ParasolidViewerQt5\parasolid\debug\glwidget.obj
D:\ClientServerPar\ParasolidViewerQt5\parasolid\debug\main.obj
D:\ClientServerPar\ParasolidViewerQt5\parasolid\debug\mainwindow.obj
D:\ClientServerPar\ParasolidViewerQt5\parasolid\debug\moc_mainwindow.obj
D:\ClientServerPar\ParasolidViewerQt5\parasolid\debug\Session.obj
D:\ClientServerPar\ParasolidViewerQt5\parasolid\debug\parasolid.ilk
D:\ClientServerPar\ParasolidViewerQt5\parasolid\debug\cl.command.1.tlog
D:\ClientServerPar\ParasolidViewerQt5\parasolid\debug\CL.read.1.tlog
D:\ClientServerPar\ParasolidViewerQt5\parasolid\debug\CL.write.1.tlog
D:\ClientServerPar\ParasolidViewerQt5\parasolid\debug\custombuild.command.1.tlog
D:\ClientServerPar\ParasolidViewerQt5\parasolid\debug\custombuild.read.1.tlog
D:\ClientServerPar\ParasolidViewerQt5\parasolid\debug\custombuild.write.1.tlog
D:\ClientServerPar\ParasolidViewerQt5\parasolid\debug\link-cvtres.read.1.tlog
D:\ClientServerPar\ParasolidViewerQt5\parasolid\debug\link-cvtres.write.1.tlog
D:\ClientServerPar\ParasolidViewerQt5\parasolid\debug\link-rc.read.1.tlog
D:\ClientServerPar\ParasolidViewerQt5\parasolid\debug\link-rc.write.1.tlog
D:\ClientServerPar\ParasolidViewerQt5\parasolid\debug\link.command.1.tlog
D:\ClientServerPar\ParasolidViewerQt5\parasolid\debug\link.read.1.tlog
D:\ClientServerPar\ParasolidViewerQt5\parasolid\debug\link.write.1.tlog
D:\ClientServerPar\ParasolidViewerQt5\parasolid\debug\parasolid.pdb
D:\ClientServerPar\ParasolidViewerQt5\parasolid\debug\vc110.pdb
D:\ClientServerPar\ParasolidViewerQt5\parasolid\debug\parasolid.exe
